# JRE version: Java(TM) SE Runtime Environment (8.0_131-b11) (build 1.8.0_131-b11)
# Java VM: Java HotSpot(TM) 64-Bit Server VM (25.131-b11 mixed mode linux-amd64 compressed oops)
Heap:
 PSYoungGen      total 604672K, used 96K [0x0000000783200000, 0x00000007a8300000, 0x00000007c0000000)
  eden space 602112K, 0% used [0x0000000783200000,0x0000000783200000,0x00000007a7e00000)
  from space 2560K, 3% used [0x00000007a7e00000,0x00000007a7e18000,0x00000007a8080000)
  to   space 2560K, 0% used [0x00000007a8080000,0x00000007a8080000,0x00000007a8300000)
 ParOldGen       total 125952K, used 1182K [0x0000000709600000, 0x0000000711100000, 0x0000000783200000)
  object space 125952K, 0% used [0x0000000709600000,0x0000000709727980,0x0000000711100000)
 Metaspace       used 6415K, capacity 6580K, committed 6656K, reserved 1056768K
  class space    used 697K, capacity 766K, committed 768K, reserved 1048576K
GC Heap History (10 events):
Event: 0.831 GC heap after
Heap after GC invocations=6 (full 0):
 PSYoungGen      total 190464K, used 1264K [0x0000000783200000, 0x000000078ee00000, 0x00000007c0000000)
  eden space 188416K, 0% used [0x0000000783200000,0x0000000783200000,0x000000078ea00000)
  from space 2048K, 61% used [0x000000078ec00000,0x000000078ed3c010,0x000000078ee00000)
  to   space 2048K, 0% used [0x000000078ea00000,0x000000078ea00000,0x000000078ec00000)
 ParOldGen       total 125952K, used 40K [0x0000000709600000, 0x0000000711100000, 0x0000000783200000)
  object space 125952K, 0% used [0x0000000709600000,0x000000070960a000,0x0000000711100000)
 Metaspace       used 6382K, capacity 6580K, committed 6656K, reserved 1056768K
  class space    used 697K, capacity 766K, committed 768K, reserved 1048576K
}
Event: 1.027 GC heap before
{Heap before GC invocations=7 (full 0):
 PSYoungGen      total 190464K, used 189680K [0x0000000783200000, 0x000000078ee00000, 0x00000007c0000000)
  eden space 188416K, 100% used [0x0000000783200000,0x000000078ea00000,0x000000078ea00000)
  from space 2048K, 61% used [0x000000078ec00000,0x000000078ed3c010,0x000000078ee00000)
  to   space 2048K, 0% used [0x000000078ea00000,0x000000078ea00000,0x000000078ec00000)
 ParOldGen       total 125952K, used 40K [0x0000000709600000, 0x0000000711100000, 0x0000000783200000)
  object space 125952K, 0% used [0x0000000709600000,0x000000070960a000,0x0000000711100000)
 Metaspace       used 6405K, capacity 6580K, committed 6656K, reserved 1056768K
  class space    used 697K, capacity 766K, committed 768K, reserved 1048576K
Event: 1.030 GC heap after
Heap after GC invocations=7 (full 0):
 PSYoungGen      total 190464K, used 128K [0x0000000783200000, 0x000000079a600000, 0x00000007c0000000)
  eden space 188416K, 0% used [0x0000000783200000,0x0000000783200000,0x000000078ea00000)
  from space 2048K, 6% used [0x000000078ea00000,0x000000078ea20000,0x000000078ec00000)
  to   space 2048K, 0% used [0x000000079a400000,0x000000079a400000,0x000000079a600000)
 ParOldGen       total 125952K, used 1166K [0x0000000709600000, 0x0000000711100000, 0x0000000783200000)
  object space 125952K, 0% used [0x0000000709600000,0x0000000709723980,0x0000000711100000)
 Metaspace       used 6405K, capacity 6580K, committed 6656K, reserved 1056768K
  class space    used 697K, capacity 766K, committed 768K, reserved 1048576K
}
Event: 1.233 GC heap before
{Heap before GC invocations=8 (full 0):
 PSYoungGen      total 190464K, used 188544K [0x0000000783200000, 0x000000079a600000, 0x00000007c0000000)
  eden space 188416K, 100% used [0x0000000783200000,0x000000078ea00000,0x000000078ea00000)
  from space 2048K, 6% used [0x000000078ea00000,0x000000078ea20000,0x000000078ec00000)
  to   space 2048K, 0% used [0x000000079a400000,0x000000079a400000,0x000000079a600000)
 ParOldGen       total 125952K, used 1166K [0x0000000709600000, 0x0000000711100000, 0x0000000783200000)
  object space 125952K, 0% used [0x0000000709600000,0x0000000709723980,0x0000000711100000)
 Metaspace       used 6409K, capacity 6580K, committed 6656K, reserved 1056768K
  class space    used 697K, capacity 766K, committed 768K, reserved 1048576K
Event: 1.234 GC heap after
Heap after GC invocations=8 (full 0):
 PSYoungGen      total 378368K, used 96K [0x0000000783200000, 0x000000079a700000, 0x00000007c0000000)
  eden space 376320K, 0% used [0x0000000783200000,0x0000000783200000,0x000000079a180000)
  from space 2048K, 4% used [0x000000079a400000,0x000000079a418000,0x000000079a600000)
  to   space 2560K, 0% used [0x000000079a180000,0x000000079a180000,0x000000079a400000)
 ParOldGen       total 125952K, used 1174K [0x0000000709600000, 0x0000000711100000, 0x0000000783200000)
  object space 125952K, 0% used [0x0000000709600000,0x0000000709725980,0x0000000711100000)
 Metaspace       used 6409K, capacity 6580K, committed 6656K, reserved 1056768K
  class space    used 697K, capacity 766K, committed 768K, reserved 1048576K
}
Event: 1.561 GC heap before
{Heap before GC invocations=9 (full 0):
 PSYoungGen      total 378368K, used 376416K [0x0000000783200000, 0x000000079a700000, 0x00000007c0000000)
  eden space 376320K, 100% used [0x0000000783200000,0x000000079a180000,0x000000079a180000)
  from space 2048K, 4% used [0x000000079a400000,0x000000079a418000,0x000000079a600000)
  to   space 2560K, 0% used [0x000000079a180000,0x000000079a180000,0x000000079a400000)
 ParOldGen       total 125952K, used 1174K [0x0000000709600000, 0x0000000711100000, 0x0000000783200000)
  object space 125952K, 0% used [0x0000000709600000,0x0000000709725980,0x0000000711100000)
 Metaspace       used 6414K, capacity 6580K, committed 6656K, reserved 1056768K
  class space    used 697K, capacity 766K, committed 768K, reserved 1048576K
Event: 1.562 GC heap after
Heap after GC invocations=9 (full 0):
 PSYoungGen      total 378880K, used 128K [0x0000000783200000, 0x00000007a8300000, 0x00000007c0000000)
  eden space 376320K, 0% used [0x0000000783200000,0x0000000783200000,0x000000079a180000)
  from space 2560K, 5% used [0x000000079a180000,0x000000079a1a0000,0x000000079a400000)
  to   space 2560K, 0% used [0x00000007a8080000,0x00000007a8080000,0x00000007a8300000)
 ParOldGen       total 125952K, used 1174K [0x0000000709600000, 0x0000000711100000, 0x0000000783200000)
  object space 125952K, 0% used [0x0000000709600000,0x0000000709725980,0x0000000711100000)
 Metaspace       used 6414K, capacity 6580K, committed 6656K, reserved 1056768K
  class space    used 697K, capacity 766K, committed 768K, reserved 1048576K
}
Event: 1.773 GC heap before
{Heap before GC invocations=10 (full 0):
 PSYoungGen      total 378880K, used 376448K [0x0000000783200000, 0x00000007a8300000, 0x00000007c0000000)
  eden space 376320K, 100% used [0x0000000783200000,0x000000079a180000,0x000000079a180000)
  from space 2560K, 5% used [0x000000079a180000,0x000000079a1a0000,0x000000079a400000)
  to   space 2560K, 0% used [0x00000007a8080000,0x00000007a8080000,0x00000007a8300000)
 ParOldGen       total 125952K, used 1174K [0x0000000709600000, 0x0000000711100000, 0x0000000783200000)
  object space 125952K, 0% used [0x0000000709600000,0x0000000709725980,0x0000000711100000)
 Metaspace       used 6414K, capacity 6580K, committed 6656K, reserved 1056768K
  class space    used 697K, capacity 766K, committed 768K, reserved 1048576K
Event: 1.774 GC heap after
Heap after GC invocations=10 (full 0):
 PSYoungGen      total 604672K, used 64K [0x0000000783200000, 0x00000007a8300000, 0x00000007c0000000)
  eden space 602112K, 0% used [0x0000000783200000,0x0000000783200000,0x00000007a7e00000)
  from space 2560K, 2% used [0x00000007a8080000,0x00000007a8090000,0x00000007a8300000)
  to   space 2560K, 0% used [0x00000007a7e00000,0x00000007a7e00000,0x00000007a8080000)
 ParOldGen       total 125952K, used 1182K [0x0000000709600000, 0x0000000711100000, 0x0000000783200000)
  object space 125952K, 0% used [0x0000000709600000,0x0000000709727980,0x0000000711100000)
 Metaspace       used 6414K, capacity 6580K, committed 6656K, reserved 1056768K
  class space    used 697K, capacity 766K, committed 768K, reserved 1048576K
}
Event: 2.374 GC heap before
{Heap before GC invocations=11 (full 0):
 PSYoungGen      total 604672K, used 602176K [0x0000000783200000, 0x00000007a8300000, 0x00000007c0000000)
  eden space 602112K, 100% used [0x0000000783200000,0x00000007a7e00000,0x00000007a7e00000)
  from space 2560K, 2% used [0x00000007a8080000,0x00000007a8090000,0x00000007a8300000)
  to   space 2560K, 0% used [0x00000007a7e00000,0x00000007a7e00000,0x00000007a8080000)
 ParOldGen       total 125952K, used 1182K [0x0000000709600000, 0x0000000711100000, 0x0000000783200000)
  object space 125952K, 0% used [0x0000000709600000,0x0000000709727980,0x0000000711100000)
 Metaspace       used 6415K, capacity 6580K, committed 6656K, reserved 1056768K
  class space    used 697K, capacity 766K, committed 768K, reserved 1048576K

